[2019-08-05 19:09:34 @1907.0]	TRACE	swReactorEpoll_add(:140): add event[reactor_id=0, fd=14, events=512]
[2019-08-05 19:09:34 @1907.0]	TRACE	swReactorEpoll_add(:140): add event[reactor_id=0, fd=6, events=512]
[2019-08-05 19:09:34 @1907.0]	TRACE	swReactorEpoll_add(:140): add event[reactor_id=1, fd=8, events=512]
[2019-08-05 19:09:34 @1907.0]	TRACE	swReactorEpoll_add(:140): add event[reactor_id=2, fd=10, events=512]
[2019-08-05 19:09:34 @1907.0]	TRACE	swReactorEpoll_add(:140): add event[reactor_id=3, fd=3, events=512]
[2019-08-05 19:09:34 @1907.0]	TRACE	swReactorEpoll_add(:140): add event[reactor_id=3, fd=12, events=512]
[2019-08-05 19:09:34 #1907.4]	TRACE	swTimer_add(:204): id=1, exec_msec=1000, msec=1000, round=0, exist=1
[2019-08-05 19:09:34 @1913.0]	TRACE	swReactorEpoll_add(:140): add event[reactor_id=0, fd=5, events=512]
[2019-08-05 19:09:34 @1915.0]	TRACE	swReactorEpoll_add(:140): add event[reactor_id=0, fd=9, events=512]
[2019-08-05 19:09:34 *1913.0]	TRACE	swReactorEpoll_add(:140): add event[reactor_id=0, fd=14, events=512]
[2019-08-05 19:09:34 *1915.2]	TRACE	swReactorEpoll_add(:140): add event[reactor_id=0, fd=14, events=512]
[2019-08-05 19:09:34 @1916.0]	TRACE	swReactorEpoll_add(:140): add event[reactor_id=0, fd=11, events=512]
[2019-08-05 19:09:34 @1914.0]	TRACE	swReactorEpoll_add(:140): add event[reactor_id=0, fd=7, events=512]
[2019-08-05 19:09:34 *1916.3]	TRACE	swReactorEpoll_add(:140): add event[reactor_id=0, fd=14, events=512]
[2019-08-05 19:09:34 *1914.1]	TRACE	swReactorEpoll_add(:140): add event[reactor_id=0, fd=14, events=512]
[2019-08-05 19:09:35 #1907.4]	TRACE	swTimer_select(:250): timer msec=1002, round=0
[2019-08-05 19:09:35 #1907.4]	TRACE	swTimer_select(:250): timer msec=1004, round=1
[2019-08-05 19:09:35 #1907.4]	TRACE	swTimer_select(:262): id=1, exec_msec=1000, round=0, exist=0
[2019-08-05 19:09:36 #1907.4]	TRACE	swTimer_select(:250): timer msec=2002, round=2
[2019-08-05 19:09:36 #1907.4]	TRACE	swTimer_select(:262): id=1, exec_msec=2000, round=0, exist=0
[2019-08-05 19:09:37 #1907.4]	TRACE	swTimer_select(:250): timer msec=3002, round=3
[2019-08-05 19:09:37 #1907.4]	TRACE	swTimer_select(:262): id=1, exec_msec=3000, round=0, exist=0
[2019-08-05 19:09:38 #1907.4]	TRACE	swTimer_select(:250): timer msec=4002, round=4
[2019-08-05 19:09:38 #1907.4]	TRACE	swTimer_select(:262): id=1, exec_msec=4000, round=0, exist=0
[2019-08-05 19:09:39 #1907.4]	TRACE	swTimer_select(:250): timer msec=5001, round=5
[2019-08-05 19:09:39 #1907.4]	TRACE	swTimer_select(:262): id=1, exec_msec=5000, round=0, exist=0
[2019-08-05 19:09:40 #1907.4]	TRACE	swTimer_select(:250): timer msec=6002, round=6
[2019-08-05 19:09:40 #1907.4]	TRACE	swTimer_select(:262): id=1, exec_msec=6000, round=0, exist=0
[2019-08-05 19:09:41 #1907.4]	TRACE	swTimer_select(:250): timer msec=7001, round=7
[2019-08-05 19:09:41 #1907.4]	TRACE	swTimer_select(:262): id=1, exec_msec=7000, round=0, exist=0
[2019-08-05 19:09:42 #1907.4]	TRACE	swTimer_select(:250): timer msec=8003, round=8
[2019-08-05 19:09:42 #1907.4]	TRACE	swTimer_select(:262): id=1, exec_msec=8000, round=0, exist=0
[2019-08-05 19:09:43 #1907.4]	TRACE	swTimer_select(:250): timer msec=9001, round=9
[2019-08-05 19:09:43 #1907.4]	TRACE	swTimer_select(:262): id=1, exec_msec=9000, round=0, exist=0
[2019-08-05 19:09:44 #1907.4]	TRACE	swTimer_select(:250): timer msec=10002, round=10
[2019-08-05 19:09:44 #1907.4]	TRACE	swTimer_select(:262): id=1, exec_msec=10000, round=0, exist=0
[2019-08-05 19:09:45 #1907.4]	TRACE	swTimer_select(:250): timer msec=11003, round=11
[2019-08-05 19:09:45 #1907.4]	TRACE	swTimer_select(:262): id=1, exec_msec=11000, round=0, exist=0
[2019-08-05 19:09:46 #1907.4]	TRACE	swTimer_select(:250): timer msec=12001, round=12
[2019-08-05 19:09:46 #1907.4]	TRACE	swTimer_select(:262): id=1, exec_msec=12000, round=0, exist=0
[2019-08-05 19:09:47 #1907.4]	TRACE	swTimer_select(:250): timer msec=13002, round=13
[2019-08-05 19:09:47 #1907.4]	TRACE	swTimer_select(:262): id=1, exec_msec=13000, round=0, exist=0
[2019-08-05 19:09:48 #1907.4]	TRACE	swTimer_select(:250): timer msec=14002, round=14
[2019-08-05 19:09:48 #1907.4]	TRACE	swTimer_select(:262): id=1, exec_msec=14000, round=0, exist=0
[2019-08-05 19:09:49 #1907.4]	TRACE	swTimer_select(:250): timer msec=15002, round=15
[2019-08-05 19:09:49 #1907.4]	TRACE	swTimer_select(:262): id=1, exec_msec=15000, round=0, exist=0
[2019-08-05 19:09:50 #1907.4]	TRACE	swTimer_select(:250): timer msec=16002, round=16
[2019-08-05 19:09:50 #1907.4]	TRACE	swTimer_select(:262): id=1, exec_msec=16000, round=0, exist=0
[2019-08-05 19:09:51 #1907.4]	TRACE	swTimer_select(:250): timer msec=17001, round=17
[2019-08-05 19:09:51 #1907.4]	TRACE	swTimer_select(:262): id=1, exec_msec=17000, round=0, exist=0
[2019-08-05 19:09:52 #1907.4]	TRACE	swTimer_select(:250): timer msec=18002, round=18
[2019-08-05 19:09:52 #1907.4]	TRACE	swTimer_select(:262): id=1, exec_msec=18000, round=0, exist=0
[2019-08-05 19:09:53 #1907.4]	TRACE	swTimer_select(:250): timer msec=19002, round=19
[2019-08-05 19:09:53 #1907.4]	TRACE	swTimer_select(:262): id=1, exec_msec=19000, round=0, exist=0
[2019-08-05 19:09:54 #1907.4]	TRACE	swTimer_select(:250): timer msec=20002, round=20
[2019-08-05 19:09:54 #1907.4]	TRACE	swTimer_select(:262): id=1, exec_msec=20000, round=0, exist=0
[2019-08-05 19:09:55 #1907.4]	TRACE	swTimer_select(:250): timer msec=21003, round=21
[2019-08-05 19:09:55 #1907.4]	TRACE	swTimer_select(:262): id=1, exec_msec=21000, round=0, exist=0
[2019-08-05 19:09:56 #1907.4]	TRACE	swTimer_select(:250): timer msec=22001, round=22
[2019-08-05 19:09:56 #1907.4]	TRACE	swTimer_select(:262): id=1, exec_msec=22000, round=0, exist=0
[2019-08-05 19:09:57 #1907.4]	TRACE	swTimer_select(:250): timer msec=23001, round=23
[2019-08-05 19:09:57 #1907.4]	TRACE	swTimer_select(:262): id=1, exec_msec=23000, round=0, exist=0
[2019-08-05 19:09:58 #1907.4]	TRACE	swTimer_select(:250): timer msec=24002, round=24
[2019-08-05 19:09:58 #1907.4]	TRACE	swTimer_select(:262): id=1, exec_msec=24000, round=0, exist=0
[2019-08-05 19:09:59 #1907.4]	TRACE	swTimer_select(:250): timer msec=25002, round=25
[2019-08-05 19:09:59 #1907.4]	TRACE	swTimer_select(:262): id=1, exec_msec=25000, round=0, exist=0
[2019-08-05 19:10:00 #1907.4]	TRACE	swTimer_select(:250): timer msec=26002, round=26
[2019-08-05 19:10:00 #1907.4]	TRACE	swTimer_select(:262): id=1, exec_msec=26000, round=0, exist=0
[2019-08-05 19:10:01 #1907.4]	TRACE	swTimer_select(:250): timer msec=27001, round=27
[2019-08-05 19:10:01 #1907.4]	TRACE	swTimer_select(:262): id=1, exec_msec=27000, round=0, exist=0
[2019-08-05 19:10:02 #1907.4]	TRACE	swTimer_select(:250): timer msec=28004, round=28
[2019-08-05 19:10:02 #1907.4]	TRACE	swTimer_select(:262): id=1, exec_msec=28000, round=0, exist=0
[2019-08-05 19:10:03 #1907.4]	TRACE	swTimer_select(:250): timer msec=29001, round=29
[2019-08-05 19:10:03 #1907.4]	TRACE	swTimer_select(:262): id=1, exec_msec=29000, round=0, exist=0
[2019-08-05 19:10:04 #1907.4]	TRACE	swTimer_select(:250): timer msec=30002, round=30
[2019-08-05 19:10:04 #1907.4]	TRACE	swTimer_select(:262): id=1, exec_msec=30000, round=0, exist=0
[2019-08-05 19:10:05 #1907.4]	TRACE	swTimer_select(:250): timer msec=31001, round=31
[2019-08-05 19:10:05 #1907.4]	TRACE	swTimer_select(:262): id=1, exec_msec=31000, round=0, exist=0
[2019-08-05 19:10:06 #1907.4]	TRACE	swTimer_select(:250): timer msec=32003, round=32
[2019-08-05 19:10:06 #1907.4]	TRACE	swTimer_select(:262): id=1, exec_msec=32000, round=0, exist=0
[2019-08-05 19:10:07 #1907.4]	TRACE	swTimer_select(:250): timer msec=33002, round=33
[2019-08-05 19:10:07 #1907.4]	TRACE	swTimer_select(:262): id=1, exec_msec=33000, round=0, exist=0
[2019-08-05 19:10:08 #1907.4]	TRACE	swTimer_select(:250): timer msec=34001, round=34
[2019-08-05 19:10:08 #1907.4]	TRACE	swTimer_select(:262): id=1, exec_msec=34000, round=0, exist=0
[2019-08-05 19:10:09 #1907.4]	TRACE	swTimer_select(:250): timer msec=35002, round=35
[2019-08-05 19:10:09 #1907.4]	TRACE	swTimer_select(:262): id=1, exec_msec=35000, round=0, exist=0
[2019-08-05 19:10:10 #1907.4]	TRACE	swTimer_select(:250): timer msec=36002, round=36
[2019-08-05 19:10:10 #1907.4]	TRACE	swTimer_select(:262): id=1, exec_msec=36000, round=0, exist=0
[2019-08-05 19:10:11 #1907.4]	TRACE	swTimer_select(:250): timer msec=37002, round=37
[2019-08-05 19:10:11 #1907.4]	TRACE	swTimer_select(:262): id=1, exec_msec=37000, round=0, exist=0
[2019-08-05 19:10:12 #1907.4]	TRACE	swTimer_select(:250): timer msec=38002, round=38
[2019-08-05 19:10:12 #1907.4]	TRACE	swTimer_select(:262): id=1, exec_msec=38000, round=0, exist=0
[2019-08-05 19:10:13 #1907.4]	TRACE	swTimer_select(:250): timer msec=39001, round=39
[2019-08-05 19:10:13 #1907.4]	TRACE	swTimer_select(:262): id=1, exec_msec=39000, round=0, exist=0
[2019-08-05 19:10:14 #1907.4]	TRACE	swTimer_select(:250): timer msec=40001, round=40
[2019-08-05 19:10:14 #1907.4]	TRACE	swTimer_select(:262): id=1, exec_msec=40000, round=0, exist=0
[2019-08-05 19:10:15 #1907.4]	TRACE	swTimer_select(:250): timer msec=41002, round=41
[2019-08-05 19:10:15 #1907.4]	TRACE	swTimer_select(:262): id=1, exec_msec=41000, round=0, exist=0
[2019-08-05 19:10:16 #1907.4]	TRACE	swTimer_select(:250): timer msec=42001, round=42
[2019-08-05 19:10:16 #1907.4]	TRACE	swTimer_select(:262): id=1, exec_msec=42000, round=0, exist=0
[2019-08-05 19:10:17 #1907.4]	TRACE	swTimer_select(:250): timer msec=43002, round=43
[2019-08-05 19:10:17 #1907.4]	TRACE	swTimer_select(:262): id=1, exec_msec=43000, round=0, exist=0
[2019-08-05 19:10:18 #1907.4]	TRACE	swTimer_select(:250): timer msec=44001, round=44
[2019-08-05 19:10:18 #1907.4]	TRACE	swTimer_select(:262): id=1, exec_msec=44000, round=0, exist=0
[2019-08-05 19:10:19 #1907.4]	TRACE	swTimer_select(:250): timer msec=45002, round=45
[2019-08-05 19:10:19 #1907.4]	TRACE	swTimer_select(:262): id=1, exec_msec=45000, round=0, exist=0
[2019-08-05 19:10:20 #1907.4]	TRACE	swTimer_select(:250): timer msec=46002, round=46
[2019-08-05 19:10:20 #1907.4]	TRACE	swTimer_select(:262): id=1, exec_msec=46000, round=0, exist=0
[2019-08-05 19:10:21 #1907.4]	TRACE	swTimer_select(:250): timer msec=47001, round=47
[2019-08-05 19:10:21 #1907.4]	TRACE	swTimer_select(:262): id=1, exec_msec=47000, round=0, exist=0
[2019-08-05 19:10:22 #1907.4]	TRACE	swTimer_select(:250): timer msec=48001, round=48
[2019-08-05 19:10:22 #1907.4]	TRACE	swTimer_select(:262): id=1, exec_msec=48000, round=0, exist=0
[2019-08-05 19:10:23 #1907.4]	TRACE	swTimer_select(:250): timer msec=49002, round=49
[2019-08-05 19:10:23 #1907.4]	TRACE	swTimer_select(:262): id=1, exec_msec=49000, round=0, exist=0
[2019-08-05 19:10:24 #1907.4]	TRACE	swTimer_select(:250): timer msec=50001, round=50
[2019-08-05 19:10:24 #1907.4]	TRACE	swTimer_select(:262): id=1, exec_msec=50000, round=0, exist=0
[2019-08-05 19:10:25 #1907.4]	TRACE	swTimer_select(:250): timer msec=51004, round=51
[2019-08-05 19:10:25 #1907.4]	TRACE	swTimer_select(:262): id=1, exec_msec=51000, round=0, exist=0
[2019-08-05 19:10:26 #1907.4]	TRACE	swTimer_select(:250): timer msec=52003, round=52
[2019-08-05 19:10:26 #1907.4]	TRACE	swTimer_select(:262): id=1, exec_msec=52000, round=0, exist=0
[2019-08-05 19:10:27 #1907.4]	TRACE	swTimer_select(:250): timer msec=53004, round=53
[2019-08-05 19:10:27 #1907.4]	TRACE	swTimer_select(:262): id=1, exec_msec=53000, round=0, exist=0
[2019-08-05 19:10:28 #1907.4]	TRACE	swTimer_select(:250): timer msec=54003, round=54
[2019-08-05 19:10:28 #1907.4]	TRACE	swTimer_select(:262): id=1, exec_msec=54000, round=0, exist=0
[2019-08-05 19:10:29 #1907.4]	TRACE	swTimer_select(:250): timer msec=55004, round=55
[2019-08-05 19:10:29 #1907.4]	TRACE	swTimer_select(:262): id=1, exec_msec=55000, round=0, exist=0
[2019-08-05 19:10:30 #1907.4]	TRACE	swTimer_select(:250): timer msec=56004, round=56
[2019-08-05 19:10:30 #1907.4]	TRACE	swTimer_select(:262): id=1, exec_msec=56000, round=0, exist=0
[2019-08-05 19:10:31 #1907.4]	TRACE	swTimer_select(:250): timer msec=57003, round=57
[2019-08-05 19:10:31 #1907.4]	TRACE	swTimer_select(:262): id=1, exec_msec=57000, round=0, exist=0
[2019-08-05 19:10:32 #1907.4]	TRACE	swTimer_select(:250): timer msec=58004, round=58
[2019-08-05 19:10:32 #1907.4]	TRACE	swTimer_select(:262): id=1, exec_msec=58000, round=0, exist=0
[2019-08-05 19:10:33 #1907.4]	TRACE	swTimer_select(:250): timer msec=59001, round=59
[2019-08-05 19:10:33 #1907.4]	TRACE	swTimer_select(:262): id=1, exec_msec=59000, round=0, exist=0
[2019-08-05 19:10:34 #1907.4]	TRACE	swTimer_select(:250): timer msec=60003, round=60
[2019-08-05 19:10:34 #1907.4]	TRACE	swTimer_select(:262): id=1, exec_msec=60000, round=0, exist=0
[2019-08-05 19:10:35 #1907.4]	TRACE	swTimer_select(:250): timer msec=61003, round=61
[2019-08-05 19:10:35 #1907.4]	TRACE	swTimer_select(:262): id=1, exec_msec=61000, round=0, exist=0
[2019-08-05 19:10:36 #1907.4]	TRACE	swTimer_select(:250): timer msec=62002, round=62
[2019-08-05 19:10:36 #1907.4]	TRACE	swTimer_select(:262): id=1, exec_msec=62000, round=0, exist=0
[2019-08-05 19:10:37 #1907.4]	TRACE	swTimer_select(:250): timer msec=63002, round=63
[2019-08-05 19:10:37 #1907.4]	TRACE	swTimer_select(:262): id=1, exec_msec=63000, round=0, exist=0
[2019-08-05 19:10:38 #1907.4]	TRACE	swTimer_select(:250): timer msec=64002, round=64
[2019-08-05 19:10:38 #1907.4]	TRACE	swTimer_select(:262): id=1, exec_msec=64000, round=0, exist=0
[2019-08-05 19:10:39 #1907.4]	TRACE	swTimer_select(:250): timer msec=65004, round=65
[2019-08-05 19:10:39 #1907.4]	TRACE	swTimer_select(:262): id=1, exec_msec=65000, round=0, exist=0
[2019-08-05 19:10:40 #1907.4]	TRACE	swTimer_select(:250): timer msec=66003, round=66
[2019-08-05 19:10:40 #1907.4]	TRACE	swTimer_select(:262): id=1, exec_msec=66000, round=0, exist=0
[2019-08-05 19:10:41 #1907.4]	TRACE	swTimer_select(:250): timer msec=67002, round=67
[2019-08-05 19:10:41 #1907.4]	TRACE	swTimer_select(:262): id=1, exec_msec=67000, round=0, exist=0
[2019-08-05 19:10:42 #1907.4]	TRACE	swTimer_select(:250): timer msec=68002, round=68
[2019-08-05 19:10:42 #1907.4]	TRACE	swTimer_select(:262): id=1, exec_msec=68000, round=0, exist=0
[2019-08-05 19:10:43 #1907.4]	TRACE	swTimer_select(:250): timer msec=69002, round=69
[2019-08-05 19:10:43 #1907.4]	TRACE	swTimer_select(:262): id=1, exec_msec=69000, round=0, exist=0
[2019-08-05 19:10:44 #1907.4]	TRACE	swTimer_select(:250): timer msec=70002, round=70
[2019-08-05 19:10:44 #1907.4]	TRACE	swTimer_select(:262): id=1, exec_msec=70000, round=0, exist=0
[2019-08-05 19:10:45 #1907.4]	TRACE	swTimer_select(:250): timer msec=71002, round=71
[2019-08-05 19:10:45 #1907.4]	TRACE	swTimer_select(:262): id=1, exec_msec=71000, round=0, exist=0
[2019-08-05 19:10:46 #1907.4]	TRACE	swTimer_select(:250): timer msec=72002, round=72
[2019-08-05 19:10:46 #1907.4]	TRACE	swTimer_select(:262): id=1, exec_msec=72000, round=0, exist=0
[2019-08-05 19:10:47 #1907.4]	TRACE	swTimer_select(:250): timer msec=73003, round=73
[2019-08-05 19:10:47 #1907.4]	TRACE	swTimer_select(:262): id=1, exec_msec=73000, round=0, exist=0
[2019-08-05 19:10:48 #1907.4]	TRACE	swTimer_select(:250): timer msec=74002, round=74
[2019-08-05 19:10:48 #1907.4]	TRACE	swTimer_select(:262): id=1, exec_msec=74000, round=0, exist=0
[2019-08-05 19:10:49 #1907.4]	TRACE	swTimer_select(:250): timer msec=75002, round=75
[2019-08-05 19:10:49 #1907.4]	TRACE	swTimer_select(:262): id=1, exec_msec=75000, round=0, exist=0
[2019-08-05 19:10:50 #1907.4]	TRACE	swTimer_select(:250): timer msec=76002, round=76
[2019-08-05 19:10:50 #1907.4]	TRACE	swTimer_select(:262): id=1, exec_msec=76000, round=0, exist=0
[2019-08-05 19:10:51 #1907.4]	TRACE	swTimer_select(:250): timer msec=77002, round=77
[2019-08-05 19:10:51 #1907.4]	TRACE	swTimer_select(:262): id=1, exec_msec=77000, round=0, exist=0
[2019-08-05 19:10:52 #1907.4]	TRACE	swTimer_select(:250): timer msec=78002, round=78
[2019-08-05 19:10:52 #1907.4]	TRACE	swTimer_select(:262): id=1, exec_msec=78000, round=0, exist=0
[2019-08-05 19:10:53 #1907.4]	TRACE	swTimer_select(:250): timer msec=79003, round=79
[2019-08-05 19:10:53 #1907.4]	TRACE	swTimer_select(:262): id=1, exec_msec=79000, round=0, exist=0
[2019-08-05 19:10:54 #1907.4]	TRACE	swTimer_select(:250): timer msec=80002, round=80
[2019-08-05 19:10:54 #1907.4]	TRACE	swTimer_select(:262): id=1, exec_msec=80000, round=0, exist=0
[2019-08-05 19:10:55 #1907.4]	TRACE	swTimer_select(:250): timer msec=81002, round=81
[2019-08-05 19:10:55 #1907.4]	TRACE	swTimer_select(:262): id=1, exec_msec=81000, round=0, exist=0
[2019-08-05 19:10:56 #1907.4]	TRACE	swTimer_select(:250): timer msec=82002, round=82
[2019-08-05 19:10:56 #1907.4]	TRACE	swTimer_select(:262): id=1, exec_msec=82000, round=0, exist=0
[2019-08-05 19:10:57 #1907.4]	TRACE	swTimer_select(:250): timer msec=83001, round=83
[2019-08-05 19:10:57 #1907.4]	TRACE	swTimer_select(:262): id=1, exec_msec=83000, round=0, exist=0
[2019-08-05 19:10:58 #1907.4]	TRACE	swTimer_select(:250): timer msec=84003, round=84
[2019-08-05 19:10:58 #1907.4]	TRACE	swTimer_select(:262): id=1, exec_msec=84000, round=0, exist=0
[2019-08-05 19:10:59 #1907.4]	TRACE	swTimer_select(:250): timer msec=85002, round=85
[2019-08-05 19:10:59 #1907.4]	TRACE	swTimer_select(:262): id=1, exec_msec=85000, round=0, exist=0
[2019-08-05 19:11:00 #1907.4]	TRACE	swTimer_select(:250): timer msec=86002, round=86
[2019-08-05 19:11:00 #1907.4]	TRACE	swTimer_select(:262): id=1, exec_msec=86000, round=0, exist=0
[2019-08-05 19:11:01 #1907.4]	TRACE	swTimer_select(:250): timer msec=87002, round=87
[2019-08-05 19:11:01 #1907.4]	TRACE	swTimer_select(:262): id=1, exec_msec=87000, round=0, exist=0
[2019-08-05 19:11:02 #1907.4]	TRACE	swTimer_select(:250): timer msec=88002, round=88
[2019-08-05 19:11:02 #1907.4]	TRACE	swTimer_select(:262): id=1, exec_msec=88000, round=0, exist=0
[2019-08-05 19:11:03 #1907.4]	TRACE	swTimer_select(:250): timer msec=89002, round=89
[2019-08-05 19:11:03 #1907.4]	TRACE	swTimer_select(:262): id=1, exec_msec=89000, round=0, exist=0
[2019-08-05 19:11:04 #1907.4]	TRACE	swTimer_select(:250): timer msec=90002, round=90
[2019-08-05 19:11:04 #1907.4]	TRACE	swTimer_select(:262): id=1, exec_msec=90000, round=0, exist=0
[2019-08-05 19:11:05 #1907.4]	TRACE	swTimer_select(:250): timer msec=91002, round=91
[2019-08-05 19:11:05 #1907.4]	TRACE	swTimer_select(:262): id=1, exec_msec=91000, round=0, exist=0
[2019-08-05 19:11:06 #1907.4]	TRACE	swTimer_select(:250): timer msec=92002, round=92
[2019-08-05 19:11:06 #1907.4]	TRACE	swTimer_select(:262): id=1, exec_msec=92000, round=0, exist=0
[2019-08-05 19:11:07 #1907.4]	TRACE	swTimer_select(:250): timer msec=93004, round=93
[2019-08-05 19:11:07 #1907.4]	TRACE	swTimer_select(:262): id=1, exec_msec=93000, round=0, exist=0
[2019-08-05 19:11:08 #1907.4]	TRACE	swTimer_select(:250): timer msec=94001, round=94
[2019-08-05 19:11:08 #1907.4]	TRACE	swTimer_select(:262): id=1, exec_msec=94000, round=0, exist=0
[2019-08-05 19:11:09 #1907.4]	TRACE	swTimer_select(:250): timer msec=95003, round=95
[2019-08-05 19:11:09 #1907.4]	TRACE	swTimer_select(:262): id=1, exec_msec=95000, round=0, exist=0
[2019-08-05 19:11:10 #1907.4]	TRACE	swTimer_select(:250): timer msec=96003, round=96
[2019-08-05 19:11:10 #1907.4]	TRACE	swTimer_select(:262): id=1, exec_msec=96000, round=0, exist=0
[2019-08-05 19:11:11 #1907.4]	TRACE	swTimer_select(:250): timer msec=97002, round=97
[2019-08-05 19:11:11 #1907.4]	TRACE	swTimer_select(:262): id=1, exec_msec=97000, round=0, exist=0
[2019-08-05 19:11:12 #1907.4]	TRACE	swTimer_select(:250): timer msec=98003, round=98
[2019-08-05 19:11:12 #1907.4]	TRACE	swTimer_select(:262): id=1, exec_msec=98000, round=0, exist=0
[2019-08-05 19:11:13 #1907.4]	TRACE	swTimer_select(:250): timer msec=99002, round=99
[2019-08-05 19:11:13 #1907.4]	TRACE	swTimer_select(:262): id=1, exec_msec=99000, round=0, exist=0
[2019-08-05 19:11:14 #1907.4]	TRACE	swTimer_select(:250): timer msec=100002, round=100
[2019-08-05 19:11:14 #1907.4]	TRACE	swTimer_select(:262): id=1, exec_msec=100000, round=0, exist=0
[2019-08-05 19:11:15 #1907.4]	TRACE	swTimer_select(:250): timer msec=101003, round=101
[2019-08-05 19:11:15 #1907.4]	TRACE	swTimer_select(:262): id=1, exec_msec=101000, round=0, exist=0
[2019-08-05 19:11:16 #1907.4]	TRACE	swTimer_select(:250): timer msec=102001, round=102
[2019-08-05 19:11:16 #1907.4]	TRACE	swTimer_select(:262): id=1, exec_msec=102000, round=0, exist=0
[2019-08-05 19:11:17 #1907.4]	TRACE	swTimer_select(:250): timer msec=103003, round=103
[2019-08-05 19:11:17 #1907.4]	TRACE	swTimer_select(:262): id=1, exec_msec=103000, round=0, exist=0
[2019-08-05 19:11:18 #1907.4]	TRACE	swTimer_select(:250): timer msec=104002, round=104
[2019-08-05 19:11:18 #1907.4]	TRACE	swTimer_select(:262): id=1, exec_msec=104000, round=0, exist=0
[2019-08-05 19:11:19 #1907.4]	TRACE	swTimer_select(:250): timer msec=105001, round=105
[2019-08-05 19:11:19 #1907.4]	TRACE	swTimer_select(:262): id=1, exec_msec=105000, round=0, exist=0
[2019-08-05 19:11:20 #1907.4]	TRACE	swTimer_select(:250): timer msec=106002, round=106
[2019-08-05 19:11:20 #1907.4]	TRACE	swTimer_select(:262): id=1, exec_msec=106000, round=0, exist=0
[2019-08-05 19:11:21 #1907.4]	TRACE	swTimer_select(:250): timer msec=107002, round=107
[2019-08-05 19:11:21 #1907.4]	TRACE	swTimer_select(:262): id=1, exec_msec=107000, round=0, exist=0
[2019-08-05 19:11:22 #1907.4]	TRACE	swTimer_select(:250): timer msec=108002, round=108
[2019-08-05 19:11:22 #1907.4]	TRACE	swTimer_select(:262): id=1, exec_msec=108000, round=0, exist=0
[2019-08-05 19:11:23 #1907.4]	TRACE	swTimer_select(:250): timer msec=109002, round=109
[2019-08-05 19:11:23 #1907.4]	TRACE	swTimer_select(:262): id=1, exec_msec=109000, round=0, exist=0
[2019-08-05 19:11:24 #1907.4]	TRACE	swTimer_select(:250): timer msec=110002, round=110
[2019-08-05 19:11:24 #1907.4]	TRACE	swTimer_select(:262): id=1, exec_msec=110000, round=0, exist=0
[2019-08-05 19:11:25 #1907.4]	TRACE	swTimer_select(:250): timer msec=111002, round=111
[2019-08-05 19:11:25 #1907.4]	TRACE	swTimer_select(:262): id=1, exec_msec=111000, round=0, exist=0
